Arguments: 
  /opt/homebrew/Cellar/node@14/14.19.1/bin/node /opt/homebrew/bin/yarn install

PATH: 
  /Users/thinhnguyen/.npm/_npx/28149/bin:/Users/thinhnguyen/Documents/react-project/lerna-monorepo-reactjs/node_modules/.bin:/Users/thinhnguyen/.cargo/bin:/Users/thinhnguyen/.pyenv/shims:/opt/homebrew/opt/node@14/bin:/opt/homebrew/opt/openjdk/bin:/opt/homebrew/bin:/usr/local/bin:/usr/bin:/bin:/usr/sbin:/sbin:/usr/local/go/bin:/Library/Apple/usr/bin:/Applications/Visual Studio Code.app/Contents/Resources/app/bin:/usr/local/go/bin

Yarn version: 
  1.22.18

Node version: 
  14.19.1

Platform: 
  darwin arm64

Trace: 
  SyntaxError: /Users/thinhnguyen/Documents/react-project/lerna-monorepo-reactjs/packages/common-utils/package.json: Unexpected token 	 in JSON at position 114
      at JSON.parse (<anonymous>)
      at /opt/homebrew/lib/node_modules/yarn/lib/cli.js:1625:59
      at Generator.next (<anonymous>)
      at step (/opt/homebrew/lib/node_modules/yarn/lib/cli.js:310:30)
      at /opt/homebrew/lib/node_modules/yarn/lib/cli.js:321:13

npm manifest: 
  {
    "name": "common-utils",
    "version": "1.0.0",
    "description": "Made with create-react-library",
    "author": "	",
    "license": "MIT",
    "repository": "	/common-utils",
    "main": "dist/index.js",
    "module": "dist/index.modern.js",
    "source": "src/index.js",
    "engines": {
      "node": ">=10"
    },
    "scripts": {
      "build": "microbundle-crl --no-compress --format modern,cjs",
      "start": "microbundle-crl watch --no-compress --format modern,cjs",
      "prepare": "run-s build",
      "test": "run-s test:unit test:lint test:build",
      "test:build": "run-s build",
      "test:lint": "eslint .",
      "test:unit": "cross-env CI=1 react-scripts test --env=jsdom",
      "test:watch": "react-scripts test --env=jsdom",
      "predeploy": "cd example && yarn install && yarn run build",
      "deploy": "gh-pages -d example/build"
    },
    "peerDependencies": {
      "react": "^16.0.0"
    },
    "devDependencies": {
      "microbundle-crl": "^0.13.10",
      "babel-eslint": "^10.0.3",
      "cross-env": "^7.0.2",
      "eslint": "^6.8.0",
      "eslint-config-prettier": "^6.7.0",
      "eslint-config-standard": "^14.1.0",
      "eslint-config-standard-react": "^9.2.0",
      "eslint-plugin-import": "^2.18.2",
      "eslint-plugin-node": "^11.0.0",
      "eslint-plugin-prettier": "^3.1.1",
      "eslint-plugin-promise": "^4.2.1",
      "eslint-plugin-react": "^7.17.0",
      "eslint-plugin-standard": "^4.0.1",
      "gh-pages": "^2.2.0",
      "npm-run-all": "^4.1.5",
      "prettier": "^2.0.4",
      "react": "^16.13.1",
      "react-dom": "^16.13.1",
      "react-scripts": "^3.4.1"
    },
    "files": [
      "dist"
    ]
  }

yarn manifest: 
  No manifest

Lockfile: 
  No lockfile
